[2017-04-03 02:26:19,878] INFO Starting the log cleaner (kafka.log.LogCleaner)
[2017-04-03 02:26:19,878] INFO [kafka-log-cleaner-thread-0], Starting  (kafka.log.LogCleaner)
[2017-04-03 02:38:00,697] INFO Starting the log cleaner (kafka.log.LogCleaner)
[2017-04-03 02:38:00,697] INFO [kafka-log-cleaner-thread-0], Starting  (kafka.log.LogCleaner)
[2017-04-03 02:40:26,781] INFO Shutting down the log cleaner. (kafka.log.LogCleaner)
[2017-04-03 02:40:26,781] INFO [kafka-log-cleaner-thread-0], Shutting down (kafka.log.LogCleaner)
[2017-04-03 02:40:26,781] INFO [kafka-log-cleaner-thread-0], Stopped  (kafka.log.LogCleaner)
[2017-04-03 02:40:26,781] INFO [kafka-log-cleaner-thread-0], Shutdown completed (kafka.log.LogCleaner)
[2017-04-03 02:40:42,931] INFO Starting the log cleaner (kafka.log.LogCleaner)
[2017-04-03 02:40:42,931] INFO [kafka-log-cleaner-thread-0], Starting  (kafka.log.LogCleaner)
[2017-04-03 02:43:20,157] INFO Shutting down the log cleaner. (kafka.log.LogCleaner)
[2017-04-03 02:43:20,157] INFO [kafka-log-cleaner-thread-0], Shutting down (kafka.log.LogCleaner)
[2017-04-03 02:43:20,157] INFO [kafka-log-cleaner-thread-0], Stopped  (kafka.log.LogCleaner)
[2017-04-03 02:43:20,157] INFO [kafka-log-cleaner-thread-0], Shutdown completed (kafka.log.LogCleaner)
[2017-04-03 02:44:08,608] INFO Starting the log cleaner (kafka.log.LogCleaner)
[2017-04-03 02:44:08,608] INFO [kafka-log-cleaner-thread-0], Starting  (kafka.log.LogCleaner)
[2017-04-03 02:44:13,171] INFO Starting the log cleaner (kafka.log.LogCleaner)
[2017-04-03 02:44:13,171] INFO [kafka-log-cleaner-thread-0], Starting  (kafka.log.LogCleaner)
[2017-04-03 02:44:13,203] INFO Shutting down the log cleaner. (kafka.log.LogCleaner)
[2017-04-03 02:44:13,203] INFO [kafka-log-cleaner-thread-0], Shutting down (kafka.log.LogCleaner)
[2017-04-03 02:44:13,203] INFO [kafka-log-cleaner-thread-0], Stopped  (kafka.log.LogCleaner)
[2017-04-03 02:44:13,203] INFO [kafka-log-cleaner-thread-0], Shutdown completed (kafka.log.LogCleaner)
[2017-04-03 02:44:27,884] INFO Starting the log cleaner (kafka.log.LogCleaner)
[2017-04-03 02:44:27,884] INFO [kafka-log-cleaner-thread-0], Starting  (kafka.log.LogCleaner)
[2017-04-03 02:44:27,915] INFO Shutting down the log cleaner. (kafka.log.LogCleaner)
[2017-04-03 02:44:27,915] INFO [kafka-log-cleaner-thread-0], Shutting down (kafka.log.LogCleaner)
[2017-04-03 02:44:27,915] INFO [kafka-log-cleaner-thread-0], Stopped  (kafka.log.LogCleaner)
[2017-04-03 02:44:27,915] INFO [kafka-log-cleaner-thread-0], Shutdown completed (kafka.log.LogCleaner)
[2017-04-03 02:45:44,827] INFO Starting the log cleaner (kafka.log.LogCleaner)
[2017-04-03 02:45:44,827] INFO [kafka-log-cleaner-thread-0], Starting  (kafka.log.LogCleaner)
[2017-04-03 02:46:05,144] INFO Starting the log cleaner (kafka.log.LogCleaner)
[2017-04-03 02:46:05,144] INFO [kafka-log-cleaner-thread-0], Starting  (kafka.log.LogCleaner)
[2017-04-03 02:53:36,318] INFO Shutting down the log cleaner. (kafka.log.LogCleaner)
[2017-04-03 02:53:36,318] INFO [kafka-log-cleaner-thread-0], Shutting down (kafka.log.LogCleaner)
[2017-04-03 02:53:36,318] INFO [kafka-log-cleaner-thread-0], Shutdown completed (kafka.log.LogCleaner)
[2017-04-03 02:53:36,318] INFO [kafka-log-cleaner-thread-0], Stopped  (kafka.log.LogCleaner)
[2017-04-03 02:53:43,647] INFO Shutting down the log cleaner. (kafka.log.LogCleaner)
[2017-04-03 02:53:43,647] INFO [kafka-log-cleaner-thread-0], Shutting down (kafka.log.LogCleaner)
[2017-04-03 02:53:43,647] INFO [kafka-log-cleaner-thread-0], Stopped  (kafka.log.LogCleaner)
[2017-04-03 02:53:43,647] INFO [kafka-log-cleaner-thread-0], Shutdown completed (kafka.log.LogCleaner)
[2017-04-03 02:53:54,494] INFO Shutting down the log cleaner. (kafka.log.LogCleaner)
[2017-04-03 02:53:54,494] INFO [kafka-log-cleaner-thread-0], Shutting down (kafka.log.LogCleaner)
[2017-04-03 02:53:54,494] INFO [kafka-log-cleaner-thread-0], Stopped  (kafka.log.LogCleaner)
[2017-04-03 02:53:54,494] INFO [kafka-log-cleaner-thread-0], Shutdown completed (kafka.log.LogCleaner)
[2017-04-03 02:54:04,255] INFO Starting the log cleaner (kafka.log.LogCleaner)
[2017-04-03 02:54:04,255] INFO [kafka-log-cleaner-thread-0], Starting  (kafka.log.LogCleaner)
[2017-04-03 02:54:10,691] INFO The cleaning for partition Hello-Kafka-0 is aborted and paused (kafka.log.LogCleaner)
[2017-04-03 02:54:10,691] INFO Compaction for partition Hello-Kafka-0 is resumed (kafka.log.LogCleaner)
[2017-04-03 02:54:10,691] INFO The cleaning for partition Hello-Kafka-0 is aborted (kafka.log.LogCleaner)
[2017-04-03 02:54:15,288] INFO The cleaning for partition Multibrokerapplication-0 is aborted and paused (kafka.log.LogCleaner)
[2017-04-03 02:54:15,288] INFO Compaction for partition Multibrokerapplication-0 is resumed (kafka.log.LogCleaner)
[2017-04-03 02:54:15,288] INFO The cleaning for partition Multibrokerapplication-0 is aborted (kafka.log.LogCleaner)
[2017-04-03 02:54:35,376] INFO Starting the log cleaner (kafka.log.LogCleaner)
[2017-04-03 02:54:35,376] INFO [kafka-log-cleaner-thread-0], Starting  (kafka.log.LogCleaner)
[2017-04-03 02:54:35,626] INFO The cleaning for partition Multibrokerapplication-0 is aborted and paused (kafka.log.LogCleaner)
[2017-04-03 02:54:35,626] INFO Compaction for partition Multibrokerapplication-0 is resumed (kafka.log.LogCleaner)
[2017-04-03 02:54:35,626] INFO The cleaning for partition Multibrokerapplication-0 is aborted (kafka.log.LogCleaner)
[2017-04-03 02:54:47,141] INFO Starting the log cleaner (kafka.log.LogCleaner)
[2017-04-03 02:54:47,141] INFO [kafka-log-cleaner-thread-0], Starting  (kafka.log.LogCleaner)
[2017-04-03 02:54:47,391] INFO The cleaning for partition Multibrokerapplication-0 is aborted and paused (kafka.log.LogCleaner)
[2017-04-03 02:54:47,391] INFO Compaction for partition Multibrokerapplication-0 is resumed (kafka.log.LogCleaner)
[2017-04-03 02:54:47,391] INFO The cleaning for partition Multibrokerapplication-0 is aborted (kafka.log.LogCleaner)
[2017-04-03 02:54:57,790] INFO Shutting down the log cleaner. (kafka.log.LogCleaner)
[2017-04-03 02:54:57,790] INFO [kafka-log-cleaner-thread-0], Shutting down (kafka.log.LogCleaner)
[2017-04-03 02:54:57,790] INFO [kafka-log-cleaner-thread-0], Stopped  (kafka.log.LogCleaner)
[2017-04-03 02:54:57,790] INFO [kafka-log-cleaner-thread-0], Shutdown completed (kafka.log.LogCleaner)
[2017-04-03 02:54:58,462] INFO Shutting down the log cleaner. (kafka.log.LogCleaner)
[2017-04-03 02:54:58,462] INFO [kafka-log-cleaner-thread-0], Shutting down (kafka.log.LogCleaner)
[2017-04-03 02:54:58,462] INFO [kafka-log-cleaner-thread-0], Stopped  (kafka.log.LogCleaner)
[2017-04-03 02:54:58,462] INFO [kafka-log-cleaner-thread-0], Shutdown completed (kafka.log.LogCleaner)
[2017-04-03 02:55:00,288] INFO Shutting down the log cleaner. (kafka.log.LogCleaner)
[2017-04-03 02:55:00,288] INFO [kafka-log-cleaner-thread-0], Shutting down (kafka.log.LogCleaner)
[2017-04-03 02:55:00,288] INFO [kafka-log-cleaner-thread-0], Stopped  (kafka.log.LogCleaner)
[2017-04-03 02:55:00,288] INFO [kafka-log-cleaner-thread-0], Shutdown completed (kafka.log.LogCleaner)
[2017-04-03 03:01:29,962] INFO Starting the log cleaner (kafka.log.LogCleaner)
[2017-04-03 03:01:29,962] INFO [kafka-log-cleaner-thread-0], Starting  (kafka.log.LogCleaner)
[2017-04-03 03:01:30,776] INFO The cleaning for partition Hello-Kafka-0 is aborted and paused (kafka.log.LogCleaner)
[2017-04-03 03:01:30,776] INFO Compaction for partition Hello-Kafka-0 is resumed (kafka.log.LogCleaner)
[2017-04-03 03:01:30,776] INFO The cleaning for partition Hello-Kafka-0 is aborted (kafka.log.LogCleaner)
[2017-04-03 03:01:30,823] INFO The cleaning for partition Multibrokerapplication-0 is aborted and paused (kafka.log.LogCleaner)
[2017-04-03 03:01:30,823] INFO Compaction for partition Multibrokerapplication-0 is resumed (kafka.log.LogCleaner)
[2017-04-03 03:01:30,823] INFO The cleaning for partition Multibrokerapplication-0 is aborted (kafka.log.LogCleaner)
[2017-04-03 06:30:11,877] INFO Shutting down the log cleaner. (kafka.log.LogCleaner)
[2017-04-03 06:30:11,877] INFO [kafka-log-cleaner-thread-0], Shutting down (kafka.log.LogCleaner)
[2017-04-03 06:30:11,877] INFO [kafka-log-cleaner-thread-0], Stopped  (kafka.log.LogCleaner)
[2017-04-03 06:30:11,877] INFO [kafka-log-cleaner-thread-0], Shutdown completed (kafka.log.LogCleaner)
[2017-04-03 16:42:42,009] INFO Starting the log cleaner (kafka.log.LogCleaner)
[2017-04-03 16:42:42,025] INFO [kafka-log-cleaner-thread-0], Starting  (kafka.log.LogCleaner)
[2017-04-03 16:42:42,931] INFO The cleaning for partition Hello-Kafka-0 is aborted and paused (kafka.log.LogCleaner)
[2017-04-03 16:42:42,931] INFO Compaction for partition Hello-Kafka-0 is resumed (kafka.log.LogCleaner)
[2017-04-03 16:42:42,931] INFO The cleaning for partition Hello-Kafka-0 is aborted (kafka.log.LogCleaner)
[2017-04-03 16:42:42,978] INFO The cleaning for partition Multibrokerapplication-0 is aborted and paused (kafka.log.LogCleaner)
[2017-04-03 16:42:42,978] INFO Compaction for partition Multibrokerapplication-0 is resumed (kafka.log.LogCleaner)
[2017-04-03 16:42:42,978] INFO The cleaning for partition Multibrokerapplication-0 is aborted (kafka.log.LogCleaner)
[2017-04-03 20:06:53,174] INFO Starting the log cleaner (kafka.log.LogCleaner)
[2017-04-03 20:06:53,176] INFO [kafka-log-cleaner-thread-0], Starting  (kafka.log.LogCleaner)
[2017-04-03 20:06:54,106] INFO The cleaning for partition Hello-Kafka-0 is aborted and paused (kafka.log.LogCleaner)
[2017-04-03 20:06:54,106] INFO Compaction for partition Hello-Kafka-0 is resumed (kafka.log.LogCleaner)
[2017-04-03 20:06:54,106] INFO The cleaning for partition Hello-Kafka-0 is aborted (kafka.log.LogCleaner)
[2017-04-03 20:06:54,148] INFO The cleaning for partition Multibrokerapplication-0 is aborted and paused (kafka.log.LogCleaner)
[2017-04-03 20:06:54,148] INFO Compaction for partition Multibrokerapplication-0 is resumed (kafka.log.LogCleaner)
[2017-04-03 20:06:54,148] INFO The cleaning for partition Multibrokerapplication-0 is aborted (kafka.log.LogCleaner)
